<?xml version="1.0" encoding="UTF-8"?>
<testng-results ignored="0" total="1" passed="1" failed="0" skipped="0">
  <reporter-output>
  </reporter-output>
  <suite started-at="2024-10-29T14:12:25 IST" name="Default suite" finished-at="2024-10-29T14:13:36 IST" duration-ms="70844">
    <groups>
    </groups>
    <test started-at="2024-10-29T14:12:25 IST" name="Default test" finished-at="2024-10-29T14:13:36 IST" duration-ms="70844">
      <class name="tests.EndToEndTest">
        <test-method is-config="true" signature="setup(java.lang.String,java.lang.String)[pri:0, instance:tests.EndToEndTest@3c19aaa5]" started-at="2024-10-29T14:12:25 IST" name="setup" finished-at="2024-10-29T14:12:41 IST" duration-ms="15764" status="PASS">
          <params>
            <param index="0">
              <value>
                <![CDATA[windows]]>
              </value>
            </param>
            <param index="1">
              <value>
                <![CDATA[chrome]]>
              </value>
            </param>
          </params>
          <reporter-output>
          </reporter-output>
        </test-method> <!-- setup -->
        <test-method signature="verify_login()[pri:0, instance:tests.EndToEndTest@3c19aaa5]" started-at="2024-10-29T14:12:41 IST" name="verify_login" finished-at="2024-10-29T14:13:31 IST" duration-ms="50010" status="PASS">
          <reporter-output>
          </reporter-output>
        </test-method> <!-- verify_login -->
        <test-method is-config="true" signature="tearDown()[pri:0, instance:tests.EndToEndTest@3c19aaa5]" started-at="2024-10-29T14:13:31 IST" name="tearDown" finished-at="2024-10-29T14:13:36 IST" duration-ms="4786" status="PASS">
          <reporter-output>
          </reporter-output>
        </test-method> <!-- tearDown -->
      </class> <!-- tests.EndToEndTest -->
    </test> <!-- Default test -->
  </suite> <!-- Default suite -->
</testng-results>
